<?xml version="1.0" encoding="UTF-8"?>
<testsuite xmlns:xsi="http://www.w3.org/2001/XMLSchema-instance" xsi:noNamespaceSchemaLocation="https://maven.apache.org/surefire/maven-surefire-plugin/xsd/surefire-test-report.xsd" name="Calculator.CalculatorTest" time="1.496" tests="6" errors="0" skipped="0" failures="0">
  <properties>
[...]
</properties>
  <testcase name="testsqrt_1" classname="Calculator.CalculatorTest" time="1.068"/>
  <testcase name="testpower" classname="Calculator.CalculatorTest" time="0.002"/>
  <testcase name="testln_1" classname="Calculator.CalculatorTest" time="0.007"/>
  <testcase name="testsqrt" classname="Calculator.CalculatorTest" time="0.002"/>
  <testcase name="testln" classname="Calculator.CalculatorTest" time="0.001"/>
  <testcase name="testfactorial" classname="Calculator.CalculatorTest" time="0.259"/>
</testsuite>